Arguments: 
  C:\Program Files\nodejs\node.exe C:\Users\Teezzy\.node\corepack\yarn\1.22.19\bin\yarn.js add --dev Hardhat

PATH: 
  C:\Program Files\Common Files\Oracle\Java\javapath;C:\Windows\system32;C:\Windows;C:\Windows\System32\Wbem;C:\Windows\System32\WindowsPowerShell\v1.0\;C:\Windows\System32\OpenSSH\;C:\Program Files\nodejs\;C:\Program Files\Git\cmd;C:\Users\Teezzy\anaconda3;C:\Users\Teezzy\anaconda3\Library\mingw-w64\bin;C:\Users\Teezzy\anaconda3\Library\usr\bin;C:\Users\Teezzy\anaconda3\Library\bin;C:\Users\Teezzy\anaconda3\Scripts;C:\Users\Teezzy\AppData\Local\Programs\Python\Python310\Scripts\;C:\Users\Teezzy\AppData\Local\Programs\Python\Python310\;C:\Users\Teezzy\AppData\Local\Microsoft\WindowsApps;C:\Users\Teezzy\AppData\Local\Programs\Microsoft VS Code\bin;C:\Users\Teezzy\AppData\Roaming\npm;c:\users\teezzy\appdata\roaming\python\python310\scripts;c:\users\teezzy\.local\bin

Yarn version: 
  1.22.19

Node version: 
  16.14.0

Platform: 
  win32 x64

Trace: 
  Error: https://registry.yarnpkg.com/Hardhat: Not found
      at Request.params.callback [as _callback] (C:\Users\Teezzy\.node\corepack\yarn\1.22.19\lib\cli.js:66145:18)
      at Request.self.callback (C:\Users\Teezzy\.node\corepack\yarn\1.22.19\lib\cli.js:140890:22)
      at Request.emit (node:events:520:28)
      at Request.<anonymous> (C:\Users\Teezzy\.node\corepack\yarn\1.22.19\lib\cli.js:141862:10)
      at Request.emit (node:events:520:28)
      at IncomingMessage.<anonymous> (C:\Users\Teezzy\.node\corepack\yarn\1.22.19\lib\cli.js:141784:12)
      at Object.onceWrapper (node:events:639:28)
      at IncomingMessage.emit (node:events:532:35)
      at endReadableNT (node:internal/streams/readable:1346:12)
      at processTicksAndRejections (node:internal/process/task_queues:83:21)

npm manifest: 
  No manifest

yarn manifest: 
  No manifest

Lockfile: 
  No lockfile
